2025-11-23T00:35:01.870445+00:00 udesk CRON[9593]: pam_unix(cron:session): session opened for user root(uid=0) by root(uid=0)
2025-11-23T00:35:01.875819+00:00 udesk CRON[9593]: pam_unix(cron:session): session closed for user root
2025-11-23T00:45:01.888454+00:00 udesk CRON[9613]: pam_unix(cron:session): session opened for user root(uid=0) by root(uid=0)
2025-11-23T00:45:01.897257+00:00 udesk CRON[9613]: pam_unix(cron:session): session closed for user root
2025-11-23T00:55:01.908405+00:00 udesk CRON[9630]: pam_unix(cron:session): session opened for user root(uid=0) by root(uid=0)
2025-11-23T00:55:01.914428+00:00 udesk CRON[9630]: pam_unix(cron:session): session closed for user root
2025-11-23T01:05:01.924259+00:00 udesk CRON[10763]: pam_unix(cron:session): session opened for user root(uid=0) by root(uid=0)
2025-11-23T01:05:01.929603+00:00 udesk CRON[10763]: pam_unix(cron:session): session closed for user root
2025-11-23T01:15:01.944304+00:00 udesk CRON[12504]: pam_unix(cron:session): session opened for user root(uid=0) by root(uid=0)
2025-11-23T01:15:01.950050+00:00 udesk CRON[12504]: pam_unix(cron:session): session closed for user root
2025-11-23T01:17:01.959256+00:00 udesk CRON[12510]: pam_unix(cron:session): session opened for user root(uid=0) by root(uid=0)
2025-11-23T01:17:01.964316+00:00 udesk CRON[12510]: pam_unix(cron:session): session closed for user root
2025-11-23T01:25:01.977189+00:00 udesk CRON[12535]: pam_unix(cron:session): session opened for user root(uid=0) by root(uid=0)
2025-11-23T01:25:01.983739+00:00 udesk CRON[12535]: pam_unix(cron:session): session closed for user root
2025-11-23T01:35:01.992901+00:00 udesk CRON[12557]: pam_unix(cron:session): session opened for user root(uid=0) by root(uid=0)
2025-11-23T01:35:01.996249+00:00 udesk CRON[12557]: pam_unix(cron:session): session closed for user root
2025-11-23T01:45:02.009994+00:00 udesk CRON[12573]: pam_unix(cron:session): session opened for user root(uid=0) by root(uid=0)
2025-11-23T01:45:02.014131+00:00 udesk CRON[12573]: pam_unix(cron:session): session closed for user root
2025-11-23T01:55:01.022939+00:00 udesk CRON[12590]: pam_unix(cron:session): session opened for user root(uid=0) by root(uid=0)
2025-11-23T01:55:01.027630+00:00 udesk CRON[12590]: pam_unix(cron:session): session closed for user root
2025-11-23T02:05:01.036534+00:00 udesk CRON[12685]: pam_unix(cron:session): session opened for user root(uid=0) by root(uid=0)
2025-11-23T02:05:01.073387+00:00 udesk CRON[12685]: pam_unix(cron:session): session closed for user root
2025-11-23T02:15:01.050828+00:00 udesk CRON[12709]: pam_unix(cron:session): session opened for user root(uid=0) by root(uid=0)
2025-11-23T02:15:01.054925+00:00 udesk CRON[12709]: pam_unix(cron:session): session closed for user root
2025-11-23T02:17:01.062989+00:00 udesk CRON[12716]: pam_unix(cron:session): session opened for user root(uid=0) by root(uid=0)
2025-11-23T02:17:01.066550+00:00 udesk CRON[12716]: pam_unix(cron:session): session closed for user root
2025-11-23T02:25:01.075347+00:00 udesk CRON[12978]: pam_unix(cron:session): session opened for user root(uid=0) by root(uid=0)
2025-11-23T02:25:01.079738+00:00 udesk CRON[12978]: pam_unix(cron:session): session closed for user root
2025-11-23T02:35:01.088401+00:00 udesk CRON[13783]: pam_unix(cron:session): session opened for user root(uid=0) by root(uid=0)
2025-11-23T02:35:01.091698+00:00 udesk CRON[13783]: pam_unix(cron:session): session closed for user root
2025-11-23T02:45:01.106225+00:00 udesk CRON[16209]: pam_unix(cron:session): session opened for user root(uid=0) by root(uid=0)
2025-11-23T02:45:01.110618+00:00 udesk CRON[16209]: pam_unix(cron:session): session closed for user root
2025-11-23T02:55:01.121477+00:00 udesk CRON[18110]: pam_unix(cron:session): session opened for user root(uid=0) by root(uid=0)
2025-11-23T02:55:01.128161+00:00 udesk CRON[18110]: pam_unix(cron:session): session closed for user root
2025-11-23T02:59:46.957908+00:00 udesk gdm-password]: gkr-pam: unable to locate daemon control file
2025-11-23T02:59:46.958533+00:00 udesk gdm-password]: gkr-pam: stashed password to try later in open session
2025-11-23T02:59:47.007403+00:00 udesk gdm-password]: pam_unix(gdm-password:session): session opened for user ethan(uid=1000) by ethan(uid=0)
2025-11-23T02:59:47.019470+00:00 udesk systemd-logind[1134]: New session 188 of user ethan.
2025-11-23T02:59:47.249033+00:00 udesk gdm-password]: gkr-pam: unlocked login keyring
2025-11-23T02:59:47.452341+00:00 udesk gnome-keyring-daemon[18583]: The PKCS#11 component was already initialized
2025-11-23T02:59:47.453618+00:00 udesk gnome-keyring-daemon[18678]: discover_other_daemon: 1
2025-11-23T02:59:47.454468+00:00 udesk gnome-keyring-daemon[18681]: discover_other_daemon: 1
2025-11-23T02:59:47.454625+00:00 udesk gnome-keyring-daemon[18583]: The Secret Service was already initialized
2025-11-23T02:59:47.454746+00:00 udesk gnome-keyring-daemon[18682]: discover_other_daemon: 1
2025-11-23T02:59:49.433389+00:00 udesk polkitd[1102]: Registered Authentication Agent for unix-session:188 (system bus name :1.179 [/usr/bin/gnome-shell], object path /org/freedesktop/PolicyKit1/AuthenticationAgent, locale en_US.UTF-8)
2025-11-23T02:59:50.403257+00:00 udesk gdm-launch-environment]: pam_unix(gdm-launch-environment:session): session closed for user gdm
2025-11-23T02:59:50.417468+00:00 udesk systemd-logind[1134]: Session c1 logged out. Waiting for processes to exit.
2025-11-23T02:59:50.441857+00:00 udesk polkitd[1102]: Unregistered Authentication Agent for unix-session:c1 (system bus name :1.39, object path /org/freedesktop/PolicyKit1/AuthenticationAgent, locale en_US.UTF-8) (disconnected from bus)
2025-11-23T02:59:50.451887+00:00 udesk systemd-logind[1134]: Removed session c1.
2025-11-23T03:00:00.647554+00:00 udesk systemd-logind[1134]: Removed session 1.
2025-11-23T03:00:53.729998+00:00 udesk pkexec: pam_unix(polkit-1:session): session opened for user root(uid=0) by ethan(uid=1000)
2025-11-23T03:00:53.731509+00:00 udesk pkexec[19648]: ethan: Executing command [USER=root] [TTY=unknown] [CWD=/home/ethan] [COMMAND=/usr/lib/update-notifier/package-system-locked]
2025-11-23T03:05:01.145592+00:00 udesk CRON[19667]: pam_unix(cron:session): session opened for user root(uid=0) by root(uid=0)
2025-11-23T03:05:01.155252+00:00 udesk CRON[19667]: pam_unix(cron:session): session closed for user root
2025-11-23T03:10:01.172355+00:00 udesk CRON[19849]: pam_unix(cron:session): session opened for user root(uid=0) by root(uid=0)
2025-11-23T03:10:01.179213+00:00 udesk CRON[19849]: pam_unix(cron:session): session closed for user root
2025-11-23T03:15:01.197021+00:00 udesk CRON[20275]: pam_unix(cron:session): session opened for user root(uid=0) by root(uid=0)
2025-11-23T03:15:01.206388+00:00 udesk CRON[20275]: pam_unix(cron:session): session closed for user root
2025-11-23T03:17:01.224521+00:00 udesk CRON[20280]: pam_unix(cron:session): session opened for user root(uid=0) by root(uid=0)
2025-11-23T03:17:01.235305+00:00 udesk CRON[20280]: pam_unix(cron:session): session closed for user root
2025-11-23T03:25:01.256375+00:00 udesk CRON[21053]: pam_unix(cron:session): session opened for user root(uid=0) by root(uid=0)
2025-11-23T03:25:01.266033+00:00 udesk CRON[21053]: pam_unix(cron:session): session closed for user root
2025-11-23T03:30:01.285035+00:00 udesk CRON[21088]: pam_unix(cron:session): session opened for user root(uid=0) by root(uid=0)
2025-11-23T03:30:01.291561+00:00 udesk CRON[21088]: pam_unix(cron:session): session closed for user root
2025-11-23T03:35:01.309054+00:00 udesk CRON[21104]: pam_unix(cron:session): session opened for user root(uid=0) by root(uid=0)
2025-11-23T03:35:01.319729+00:00 udesk CRON[21104]: pam_unix(cron:session): session closed for user root
2025-11-23T03:45:01.338396+00:00 udesk CRON[21199]: pam_unix(cron:session): session opened for user root(uid=0) by root(uid=0)
2025-11-23T03:45:01.347483+00:00 udesk CRON[21199]: pam_unix(cron:session): session closed for user root
2025-11-23T03:55:01.365742+00:00 udesk CRON[23339]: pam_unix(cron:session): session opened for user root(uid=0) by root(uid=0)
2025-11-23T03:55:01.383719+00:00 udesk CRON[23339]: pam_unix(cron:session): session closed for user root
2025-11-23T04:05:01.402100+00:00 udesk CRON[24709]: pam_unix(cron:session): session opened for user root(uid=0) by root(uid=0)
2025-11-23T04:05:01.412478+00:00 udesk CRON[24709]: pam_unix(cron:session): session closed for user root
2025-11-23T04:15:01.430624+00:00 udesk CRON[25942]: pam_unix(cron:session): session opened for user root(uid=0) by root(uid=0)
2025-11-23T04:15:01.441325+00:00 udesk CRON[25942]: pam_unix(cron:session): session closed for user root
2025-11-23T04:17:01.457802+00:00 udesk CRON[25947]: pam_unix(cron:session): session opened for user root(uid=0) by root(uid=0)
2025-11-23T04:17:01.467709+00:00 udesk CRON[25947]: pam_unix(cron:session): session closed for user root
2025-11-23T04:21:32.199718+00:00 udesk sshd-session[6234]: Received disconnect from 172.16.0.1 port 58127:11: disconnected by user
2025-11-23T04:21:32.252116+00:00 udesk sshd-session[6234]: Disconnected from user ethan 172.16.0.1 port 58127
2025-11-23T04:21:32.253139+00:00 udesk systemd-logind[1134]: Session 156 logged out. Waiting for processes to exit.
2025-11-23T04:21:32.253878+00:00 udesk sshd-session[6199]: pam_unix(sshd:session): session closed for user ethan
2025-11-23T04:24:17.729880+00:00 udesk systemd-logind[1134]: Removed session 156.
2025-11-23T04:25:01.477304+00:00 udesk CRON[26617]: pam_unix(cron:session): session opened for user root(uid=0) by root(uid=0)
2025-11-23T04:25:01.480654+00:00 udesk CRON[26617]: pam_unix(cron:session): session closed for user root
2025-11-23T04:26:32.128775+00:00 udesk systemd-logind[1134]: Removed session 153.
2025-11-23T04:35:01.500764+00:00 udesk CRON[26635]: pam_unix(cron:session): session opened for user root(uid=0) by root(uid=0)
2025-11-23T04:35:01.509917+00:00 udesk CRON[26635]: pam_unix(cron:session): session closed for user root
2025-11-23T04:45:01.527861+00:00 udesk CRON[26665]: pam_unix(cron:session): session opened for user root(uid=0) by root(uid=0)
2025-11-23T04:45:01.539037+00:00 udesk CRON[26665]: pam_unix(cron:session): session closed for user root
2025-11-23T04:55:01.558320+00:00 udesk CRON[26679]: pam_unix(cron:session): session opened for user root(uid=0) by root(uid=0)
2025-11-23T04:55:01.568649+00:00 udesk CRON[26679]: pam_unix(cron:session): session closed for user root
2025-11-23T05:05:01.588065+00:00 udesk CRON[26691]: pam_unix(cron:session): session opened for user root(uid=0) by root(uid=0)
2025-11-23T05:05:01.597305+00:00 udesk CRON[26691]: pam_unix(cron:session): session closed for user root
2025-11-23T05:15:01.616171+00:00 udesk CRON[26710]: pam_unix(cron:session): session opened for user root(uid=0) by root(uid=0)
2025-11-23T05:15:01.626609+00:00 udesk CRON[26710]: pam_unix(cron:session): session closed for user root
2025-11-23T05:17:01.643616+00:00 udesk CRON[26713]: pam_unix(cron:session): session opened for user root(uid=0) by root(uid=0)
2025-11-23T05:17:01.653381+00:00 udesk CRON[26713]: pam_unix(cron:session): session closed for user root
2025-11-23T05:25:01.671968+00:00 udesk CRON[26734]: pam_unix(cron:session): session opened for user root(uid=0) by root(uid=0)
2025-11-23T05:25:01.681871+00:00 udesk CRON[26734]: pam_unix(cron:session): session closed for user root
2025-11-23T05:35:01.701343+00:00 udesk CRON[26747]: pam_unix(cron:session): session opened for user root(uid=0) by root(uid=0)
2025-11-23T05:35:01.712127+00:00 udesk CRON[26747]: pam_unix(cron:session): session closed for user root
2025-11-23T05:45:01.730898+00:00 udesk CRON[26765]: pam_unix(cron:session): session opened for user root(uid=0) by root(uid=0)
2025-11-23T05:45:01.740834+00:00 udesk CRON[26765]: pam_unix(cron:session): session closed for user root
2025-11-23T05:55:01.761140+00:00 udesk CRON[26777]: pam_unix(cron:session): session opened for user root(uid=0) by root(uid=0)
2025-11-23T05:55:01.771453+00:00 udesk CRON[26777]: pam_unix(cron:session): session closed for user root
2025-11-23T06:05:01.789824+00:00 udesk CRON[26859]: pam_unix(cron:session): session opened for user root(uid=0) by root(uid=0)
2025-11-23T06:05:01.800558+00:00 udesk CRON[26859]: pam_unix(cron:session): session closed for user root
2025-11-23T06:15:01.823927+00:00 udesk CRON[26870]: pam_unix(cron:session): session opened for user root(uid=0) by root(uid=0)
2025-11-23T06:15:01.836988+00:00 udesk CRON[26870]: pam_unix(cron:session): session closed for user root
2025-11-23T06:17:01.857115+00:00 udesk CRON[26874]: pam_unix(cron:session): session opened for user root(uid=0) by root(uid=0)
2025-11-23T06:17:01.866820+00:00 udesk CRON[26874]: pam_unix(cron:session): session closed for user root
2025-11-23T06:25:01.887824+00:00 udesk CRON[26893]: pam_unix(cron:session): session opened for user root(uid=0) by root(uid=0)
2025-11-23T06:25:01.889331+00:00 udesk CRON[26894]: pam_unix(cron:session): session opened for user root(uid=0) by root(uid=0)
2025-11-23T06:25:01.895410+00:00 udesk CRON[26893]: pam_unix(cron:session): session closed for user root
2025-11-23T06:25:01.898908+00:00 udesk CRON[26894]: pam_unix(cron:session): session closed for user root
2025-11-23T06:35:01.909951+00:00 udesk CRON[27034]: pam_unix(cron:session): session opened for user root(uid=0) by root(uid=0)
2025-11-23T06:35:01.913195+00:00 udesk CRON[27034]: pam_unix(cron:session): session closed for user root
2025-11-23T06:45:01.932414+00:00 udesk CRON[27046]: pam_unix(cron:session): session opened for user root(uid=0) by root(uid=0)
2025-11-23T06:45:01.940090+00:00 udesk CRON[27046]: pam_unix(cron:session): session closed for user root
2025-11-23T06:45:52.852191+00:00 udesk pkexec: pam_unix(polkit-1:session): session opened for user root(uid=0) by ethan(uid=1000)
2025-11-23T06:45:52.895171+00:00 udesk pkexec[27056]: ethan: Executing command [USER=root] [TTY=unknown] [CWD=/home/ethan] [COMMAND=/usr/lib/update-notifier/package-system-locked]
2025-11-23T06:47:01.955677+00:00 udesk CRON[27067]: pam_unix(cron:session): session opened for user root(uid=0) by root(uid=0)
2025-11-23T06:47:01.961003+00:00 udesk CRON[27067]: pam_unix(cron:session): session closed for user root
2025-11-23T06:55:01.982354+00:00 udesk CRON[27079]: pam_unix(cron:session): session opened for user root(uid=0) by root(uid=0)
2025-11-23T06:55:01.993622+00:00 udesk CRON[27079]: pam_unix(cron:session): session closed for user root
2025-11-23T07:05:02.009748+00:00 udesk CRON[27099]: pam_unix(cron:session): session opened for user root(uid=0) by root(uid=0)
2025-11-23T07:05:02.013807+00:00 udesk CRON[27099]: pam_unix(cron:session): session closed for user root
2025-11-23T07:15:01.022789+00:00 udesk CRON[27112]: pam_unix(cron:session): session opened for user root(uid=0) by root(uid=0)
2025-11-23T07:15:01.026016+00:00 udesk CRON[27112]: pam_unix(cron:session): session closed for user root
2025-11-23T07:17:01.034220+00:00 udesk CRON[27116]: pam_unix(cron:session): session opened for user root(uid=0) by root(uid=0)
2025-11-23T07:17:01.039301+00:00 udesk CRON[27116]: pam_unix(cron:session): session closed for user root
2025-11-23T07:25:01.051275+00:00 udesk CRON[27127]: pam_unix(cron:session): session opened for user root(uid=0) by root(uid=0)
2025-11-23T07:25:01.056263+00:00 udesk CRON[27127]: pam_unix(cron:session): session closed for user root
2025-11-23T07:30:01.067394+00:00 udesk CRON[27147]: pam_unix(cron:session): session opened for user root(uid=0) by root(uid=0)
2025-11-23T07:30:01.070721+00:00 udesk CRON[27147]: pam_unix(cron:session): session closed for user root
2025-11-23T07:35:01.080070+00:00 udesk CRON[27157]: pam_unix(cron:session): session opened for user root(uid=0) by root(uid=0)
2025-11-23T07:35:01.084609+00:00 udesk CRON[27157]: pam_unix(cron:session): session closed for user root
2025-11-23T07:45:01.098283+00:00 udesk CRON[27182]: pam_unix(cron:session): session opened for user root(uid=0) by root(uid=0)
2025-11-23T07:45:01.108992+00:00 udesk CRON[27182]: pam_unix(cron:session): session closed for user root
2025-11-23T07:55:01.126186+00:00 udesk CRON[27201]: pam_unix(cron:session): session opened for user root(uid=0) by root(uid=0)
2025-11-23T07:55:01.134767+00:00 udesk CRON[27201]: pam_unix(cron:session): session closed for user root
2025-11-23T08:05:01.154627+00:00 udesk CRON[27214]: pam_unix(cron:session): session opened for user root(uid=0) by root(uid=0)
2025-11-23T08:05:01.164702+00:00 udesk CRON[27214]: pam_unix(cron:session): session closed for user root
2025-11-23T08:15:01.186188+00:00 udesk CRON[27226]: pam_unix(cron:session): session opened for user root(uid=0) by root(uid=0)
2025-11-23T08:15:01.229851+00:00 udesk CRON[27226]: pam_unix(cron:session): session closed for user root
2025-11-23T08:17:01.212760+00:00 udesk CRON[27238]: pam_unix(cron:session): session opened for user root(uid=0) by root(uid=0)
2025-11-23T08:17:01.223500+00:00 udesk CRON[27238]: pam_unix(cron:session): session closed for user root
2025-11-23T08:25:01.244119+00:00 udesk CRON[27256]: pam_unix(cron:session): session opened for user root(uid=0) by root(uid=0)
2025-11-23T08:25:01.255471+00:00 udesk CRON[27256]: pam_unix(cron:session): session closed for user root
2025-11-23T08:30:01.274107+00:00 udesk CRON[27261]: pam_unix(cron:session): session opened for user root(uid=0) by root(uid=0)
2025-11-23T08:30:01.281293+00:00 udesk CRON[27261]: pam_unix(cron:session): session closed for user root
2025-11-23T08:35:01.298783+00:00 udesk CRON[27273]: pam_unix(cron:session): session opened for user root(uid=0) by root(uid=0)
2025-11-23T08:35:01.308664+00:00 udesk CRON[27273]: pam_unix(cron:session): session closed for user root
2025-11-23T08:45:01.329769+00:00 udesk CRON[27286]: pam_unix(cron:session): session opened for user root(uid=0) by root(uid=0)
2025-11-23T08:45:01.341096+00:00 udesk CRON[27286]: pam_unix(cron:session): session closed for user root
2025-11-23T08:55:01.360098+00:00 udesk CRON[27305]: pam_unix(cron:session): session opened for user root(uid=0) by root(uid=0)
2025-11-23T08:55:01.371399+00:00 udesk CRON[27305]: pam_unix(cron:session): session closed for user root
2025-11-23T09:05:01.384873+00:00 udesk CRON[27379]: pam_unix(cron:session): session opened for user root(uid=0) by root(uid=0)
2025-11-23T09:05:01.395851+00:00 udesk CRON[27379]: pam_unix(cron:session): session closed for user root
2025-11-23T09:15:01.426110+00:00 udesk CRON[27392]: pam_unix(cron:session): session opened for user root(uid=0) by root(uid=0)
2025-11-23T09:15:01.437536+00:00 udesk CRON[27392]: pam_unix(cron:session): session closed for user root
2025-11-23T09:17:01.455506+00:00 udesk CRON[27402]: pam_unix(cron:session): session opened for user root(uid=0) by root(uid=0)
2025-11-23T09:17:01.465431+00:00 udesk CRON[27402]: pam_unix(cron:session): session closed for user root
2025-11-23T09:25:01.485447+00:00 udesk CRON[27414]: pam_unix(cron:session): session opened for user root(uid=0) by root(uid=0)
2025-11-23T09:25:01.492793+00:00 udesk CRON[27414]: pam_unix(cron:session): session closed for user root
2025-11-23T09:30:01.510052+00:00 udesk CRON[27419]: pam_unix(cron:session): session opened for user root(uid=0) by root(uid=0)
2025-11-23T09:30:01.517299+00:00 udesk CRON[27419]: pam_unix(cron:session): session closed for user root
2025-11-23T09:35:01.536976+00:00 udesk CRON[27432]: pam_unix(cron:session): session opened for user root(uid=0) by root(uid=0)
2025-11-23T09:35:01.545281+00:00 udesk CRON[27432]: pam_unix(cron:session): session closed for user root
2025-11-23T09:45:01.564929+00:00 udesk CRON[27452]: pam_unix(cron:session): session opened for user root(uid=0) by root(uid=0)
2025-11-23T09:45:01.575273+00:00 udesk CRON[27452]: pam_unix(cron:session): session closed for user root
2025-11-23T09:55:01.596453+00:00 udesk CRON[27472]: pam_unix(cron:session): session opened for user root(uid=0) by root(uid=0)
2025-11-23T09:55:01.606301+00:00 udesk CRON[27472]: pam_unix(cron:session): session closed for user root
2025-11-23T10:05:01.629810+00:00 udesk CRON[27485]: pam_unix(cron:session): session opened for user root(uid=0) by root(uid=0)
2025-11-23T10:05:01.641121+00:00 udesk CRON[27485]: pam_unix(cron:session): session closed for user root
2025-11-23T10:15:01.673824+00:00 udesk CRON[27503]: pam_unix(cron:session): session opened for user root(uid=0) by root(uid=0)
2025-11-23T10:15:01.674705+00:00 udesk CRON[27503]: pam_unix(cron:session): session closed for user root
2025-11-23T10:17:01.688750+00:00 udesk CRON[27506]: pam_unix(cron:session): session opened for user root(uid=0) by root(uid=0)
2025-11-23T10:17:01.698782+00:00 udesk CRON[27506]: pam_unix(cron:session): session closed for user root
2025-11-23T10:25:01.717118+00:00 udesk CRON[27517]: pam_unix(cron:session): session opened for user root(uid=0) by root(uid=0)
2025-11-23T10:25:01.729261+00:00 udesk CRON[27517]: pam_unix(cron:session): session closed for user root
2025-11-23T10:30:01.747614+00:00 udesk CRON[27521]: pam_unix(cron:session): session opened for user root(uid=0) by root(uid=0)
2025-11-23T10:30:01.754844+00:00 udesk CRON[27521]: pam_unix(cron:session): session closed for user root
2025-11-23T10:35:01.774072+00:00 udesk CRON[27532]: pam_unix(cron:session): session opened for user root(uid=0) by root(uid=0)
2025-11-23T10:35:01.784798+00:00 udesk CRON[27532]: pam_unix(cron:session): session closed for user root
2025-11-23T10:45:01.804999+00:00 udesk CRON[27552]: pam_unix(cron:session): session opened for user root(uid=0) by root(uid=0)
2025-11-23T10:45:01.815475+00:00 udesk CRON[27552]: pam_unix(cron:session): session closed for user root
2025-11-23T10:55:01.831114+00:00 udesk CRON[27571]: pam_unix(cron:session): session opened for user root(uid=0) by root(uid=0)
2025-11-23T10:55:01.840570+00:00 udesk CRON[27571]: pam_unix(cron:session): session closed for user root
2025-11-23T11:05:01.861317+00:00 udesk CRON[27598]: pam_unix(cron:session): session opened for user root(uid=0) by root(uid=0)
2025-11-23T11:05:01.870119+00:00 udesk CRON[27598]: pam_unix(cron:session): session closed for user root
2025-11-23T11:15:01.889547+00:00 udesk CRON[27610]: pam_unix(cron:session): session opened for user root(uid=0) by root(uid=0)
2025-11-23T11:15:01.900334+00:00 udesk CRON[27610]: pam_unix(cron:session): session closed for user root
2025-11-23T11:17:01.917258+00:00 udesk CRON[27613]: pam_unix(cron:session): session opened for user root(uid=0) by root(uid=0)
2025-11-23T11:17:01.926226+00:00 udesk CRON[27613]: pam_unix(cron:session): session closed for user root
2025-11-23T11:25:01.945577+00:00 udesk CRON[27625]: pam_unix(cron:session): session opened for user root(uid=0) by root(uid=0)
2025-11-23T11:25:01.955515+00:00 udesk CRON[27625]: pam_unix(cron:session): session closed for user root
2025-11-23T11:30:01.974843+00:00 udesk CRON[27638]: pam_unix(cron:session): session opened for user root(uid=0) by root(uid=0)
2025-11-23T11:30:01.982655+00:00 udesk CRON[27638]: pam_unix(cron:session): session closed for user root
2025-11-23T11:35:02.001104+00:00 udesk CRON[27659]: pam_unix(cron:session): session opened for user root(uid=0) by root(uid=0)
2025-11-23T11:35:02.011352+00:00 udesk CRON[27659]: pam_unix(cron:session): session closed for user root
2025-11-23T11:45:01.020559+00:00 udesk CRON[27672]: pam_unix(cron:session): session opened for user root(uid=0) by root(uid=0)
2025-11-23T11:45:01.026252+00:00 udesk CRON[27672]: pam_unix(cron:session): session closed for user root
2025-11-23T11:55:01.035458+00:00 udesk CRON[27685]: pam_unix(cron:session): session opened for user root(uid=0) by root(uid=0)
2025-11-23T11:55:01.040139+00:00 udesk CRON[27685]: pam_unix(cron:session): session closed for user root
2025-11-23T12:05:01.053021+00:00 udesk CRON[27767]: pam_unix(cron:session): session opened for user root(uid=0) by root(uid=0)
2025-11-23T12:05:01.058804+00:00 udesk CRON[27767]: pam_unix(cron:session): session closed for user root
2025-11-23T12:15:01.068906+00:00 udesk CRON[27778]: pam_unix(cron:session): session opened for user root(uid=0) by root(uid=0)
2025-11-23T12:15:01.073519+00:00 udesk CRON[27778]: pam_unix(cron:session): session closed for user root
2025-11-23T12:17:01.082234+00:00 udesk CRON[27782]: pam_unix(cron:session): session opened for user root(uid=0) by root(uid=0)
2025-11-23T12:17:01.089147+00:00 udesk CRON[27782]: pam_unix(cron:session): session closed for user root
2025-11-23T12:25:01.099075+00:00 udesk CRON[27792]: pam_unix(cron:session): session opened for user root(uid=0) by root(uid=0)
2025-11-23T12:25:01.105074+00:00 udesk CRON[27792]: pam_unix(cron:session): session closed for user root
2025-11-23T12:30:01.121544+00:00 udesk CRON[27803]: pam_unix(cron:session): session opened for user root(uid=0) by root(uid=0)
2025-11-23T12:30:01.129296+00:00 udesk CRON[27803]: pam_unix(cron:session): session closed for user root
2025-11-23T12:35:01.150204+00:00 udesk CRON[27817]: pam_unix(cron:session): session opened for user root(uid=0) by root(uid=0)
2025-11-23T12:35:01.161702+00:00 udesk CRON[27817]: pam_unix(cron:session): session closed for user root
2025-11-23T12:45:01.183372+00:00 udesk CRON[27837]: pam_unix(cron:session): session opened for user root(uid=0) by root(uid=0)
2025-11-23T12:45:01.194452+00:00 udesk CRON[27837]: pam_unix(cron:session): session closed for user root
2025-11-23T12:55:01.216542+00:00 udesk CRON[27858]: pam_unix(cron:session): session opened for user root(uid=0) by root(uid=0)
2025-11-23T12:55:01.227416+00:00 udesk CRON[27858]: pam_unix(cron:session): session closed for user root
2025-11-23T13:05:01.247125+00:00 udesk CRON[27874]: pam_unix(cron:session): session opened for user root(uid=0) by root(uid=0)
2025-11-23T13:05:01.256692+00:00 udesk CRON[27874]: pam_unix(cron:session): session closed for user root
2025-11-23T13:15:01.276853+00:00 udesk CRON[27887]: pam_unix(cron:session): session opened for user root(uid=0) by root(uid=0)
2025-11-23T13:15:01.287888+00:00 udesk CRON[27887]: pam_unix(cron:session): session closed for user root
2025-11-23T13:17:01.304994+00:00 udesk CRON[27890]: pam_unix(cron:session): session opened for user root(uid=0) by root(uid=0)
2025-11-23T13:17:01.315466+00:00 udesk CRON[27890]: pam_unix(cron:session): session closed for user root
2025-11-23T13:25:01.333623+00:00 udesk CRON[27917]: pam_unix(cron:session): session opened for user root(uid=0) by root(uid=0)
2025-11-23T13:25:01.345070+00:00 udesk CRON[27917]: pam_unix(cron:session): session closed for user root
2025-11-23T13:30:01.353646+00:00 udesk CRON[27921]: pam_unix(cron:session): session opened for user root(uid=0) by root(uid=0)
2025-11-23T13:30:01.359648+00:00 udesk CRON[27921]: pam_unix(cron:session): session closed for user root
2025-11-23T13:35:01.378102+00:00 udesk CRON[27933]: pam_unix(cron:session): session opened for user root(uid=0) by root(uid=0)
2025-11-23T13:35:01.387661+00:00 udesk CRON[27933]: pam_unix(cron:session): session closed for user root
2025-11-23T13:45:01.408800+00:00 udesk CRON[27947]: pam_unix(cron:session): session opened for user root(uid=0) by root(uid=0)
2025-11-23T13:45:01.426419+00:00 udesk CRON[27947]: pam_unix(cron:session): session closed for user root
2025-11-23T13:55:01.445188+00:00 udesk CRON[27967]: pam_unix(cron:session): session opened for user root(uid=0) by root(uid=0)
2025-11-23T13:55:01.456958+00:00 udesk CRON[27967]: pam_unix(cron:session): session closed for user root
2025-11-23T14:05:01.483626+00:00 udesk CRON[27978]: pam_unix(cron:session): session opened for user root(uid=0) by root(uid=0)
2025-11-23T14:05:01.495358+00:00 udesk CRON[27978]: pam_unix(cron:session): session closed for user root
2025-11-23T14:15:01.517837+00:00 udesk CRON[27992]: pam_unix(cron:session): session opened for user root(uid=0) by root(uid=0)
2025-11-23T14:15:01.527973+00:00 udesk CRON[27992]: pam_unix(cron:session): session closed for user root
2025-11-23T14:17:01.542873+00:00 udesk CRON[27995]: pam_unix(cron:session): session opened for user root(uid=0) by root(uid=0)
2025-11-23T14:17:01.550592+00:00 udesk CRON[27995]: pam_unix(cron:session): session closed for user root
2025-11-23T14:25:01.560141+00:00 udesk CRON[28013]: pam_unix(cron:session): session opened for user root(uid=0) by root(uid=0)
2025-11-23T14:25:01.564114+00:00 udesk CRON[28013]: pam_unix(cron:session): session closed for user root
2025-11-23T14:30:01.580714+00:00 udesk CRON[28017]: pam_unix(cron:session): session opened for user root(uid=0) by root(uid=0)
2025-11-23T14:30:01.587799+00:00 udesk CRON[28017]: pam_unix(cron:session): session closed for user root
2025-11-23T14:35:01.606952+00:00 udesk CRON[28031]: pam_unix(cron:session): session opened for user root(uid=0) by root(uid=0)
2025-11-23T14:35:01.617494+00:00 udesk CRON[28031]: pam_unix(cron:session): session closed for user root
2025-11-23T14:45:01.639168+00:00 udesk CRON[28044]: pam_unix(cron:session): session opened for user root(uid=0) by root(uid=0)
2025-11-23T14:45:01.650143+00:00 udesk CRON[28044]: pam_unix(cron:session): session closed for user root
2025-11-23T14:55:01.671040+00:00 udesk CRON[28064]: pam_unix(cron:session): session opened for user root(uid=0) by root(uid=0)
2025-11-23T14:55:01.681309+00:00 udesk CRON[28064]: pam_unix(cron:session): session closed for user root
2025-11-23T15:05:01.704969+00:00 udesk CRON[28147]: pam_unix(cron:session): session opened for user root(uid=0) by root(uid=0)
2025-11-23T15:05:01.714713+00:00 udesk CRON[28147]: pam_unix(cron:session): session closed for user root
2025-11-23T15:15:01.735003+00:00 udesk CRON[28176]: pam_unix(cron:session): session opened for user root(uid=0) by root(uid=0)
2025-11-23T15:15:01.745248+00:00 udesk CRON[28176]: pam_unix(cron:session): session closed for user root
2025-11-23T15:17:01.762856+00:00 udesk CRON[28179]: pam_unix(cron:session): session opened for user root(uid=0) by root(uid=0)
2025-11-23T15:17:01.772108+00:00 udesk CRON[28179]: pam_unix(cron:session): session closed for user root
2025-11-23T15:25:01.792042+00:00 udesk CRON[28191]: pam_unix(cron:session): session opened for user root(uid=0) by root(uid=0)
2025-11-23T15:25:01.799016+00:00 udesk CRON[28191]: pam_unix(cron:session): session closed for user root
2025-11-23T15:27:52.864715+00:00 udesk pkexec: pam_unix(polkit-1:session): session opened for user root(uid=0) by ethan(uid=1000)
2025-11-23T15:27:53.164223+00:00 udesk pkexec[28497]: ethan: Executing command [USER=root] [TTY=unknown] [CWD=/home/ethan] [COMMAND=/usr/lib/update-notifier/package-system-locked]
2025-11-23T15:30:01.809953+00:00 udesk CRON[28506]: pam_unix(cron:session): session opened for user root(uid=0) by root(uid=0)
2025-11-23T15:30:01.815238+00:00 udesk CRON[28506]: pam_unix(cron:session): session closed for user root
2025-11-23T15:35:01.826945+00:00 udesk CRON[28520]: pam_unix(cron:session): session opened for user root(uid=0) by root(uid=0)
2025-11-23T15:35:01.836057+00:00 udesk CRON[28520]: pam_unix(cron:session): session closed for user root
2025-11-23T15:45:01.852119+00:00 udesk CRON[28541]: pam_unix(cron:session): session opened for user root(uid=0) by root(uid=0)
2025-11-23T15:45:01.857782+00:00 udesk CRON[28541]: pam_unix(cron:session): session closed for user root
2025-11-23T15:55:01.877798+00:00 udesk CRON[28554]: pam_unix(cron:session): session opened for user root(uid=0) by root(uid=0)
2025-11-23T15:55:01.884000+00:00 udesk CRON[28554]: pam_unix(cron:session): session closed for user root
2025-11-23T16:05:01.903271+00:00 udesk CRON[28566]: pam_unix(cron:session): session opened for user root(uid=0) by root(uid=0)
2025-11-23T16:05:01.908139+00:00 udesk CRON[28566]: pam_unix(cron:session): session closed for user root
2025-11-23T16:15:01.917877+00:00 udesk CRON[28585]: pam_unix(cron:session): session opened for user root(uid=0) by root(uid=0)
2025-11-23T16:15:01.921644+00:00 udesk CRON[28585]: pam_unix(cron:session): session closed for user root
2025-11-23T16:17:01.936865+00:00 udesk CRON[28588]: pam_unix(cron:session): session opened for user root(uid=0) by root(uid=0)
2025-11-23T16:17:01.945247+00:00 udesk CRON[28588]: pam_unix(cron:session): session closed for user root
2025-11-23T16:25:01.959316+00:00 udesk CRON[28601]: pam_unix(cron:session): session opened for user root(uid=0) by root(uid=0)
2025-11-23T16:25:02.003030+00:00 udesk CRON[28601]: pam_unix(cron:session): session closed for user root
2025-11-23T16:30:01.978723+00:00 udesk CRON[28614]: pam_unix(cron:session): session opened for user root(uid=0) by root(uid=0)
2025-11-23T16:30:02.030796+00:00 udesk CRON[28614]: pam_unix(cron:session): session closed for user root
2025-11-23T16:35:01.999414+00:00 udesk CRON[28627]: pam_unix(cron:session): session opened for user root(uid=0) by root(uid=0)
2025-11-23T16:35:02.075802+00:00 udesk CRON[28627]: pam_unix(cron:session): session closed for user root
2025-11-23T16:45:01.015305+00:00 udesk CRON[28647]: pam_unix(cron:session): session opened for user root(uid=0) by root(uid=0)
2025-11-23T16:45:01.020024+00:00 udesk CRON[28647]: pam_unix(cron:session): session closed for user root
2025-11-23T16:55:01.029176+00:00 udesk CRON[28660]: pam_unix(cron:session): session opened for user root(uid=0) by root(uid=0)
2025-11-23T16:55:01.034239+00:00 udesk CRON[28660]: pam_unix(cron:session): session closed for user root
2025-11-23T17:05:01.044549+00:00 udesk CRON[28680]: pam_unix(cron:session): session opened for user root(uid=0) by root(uid=0)
2025-11-23T17:05:01.049218+00:00 udesk CRON[28680]: pam_unix(cron:session): session closed for user root
2025-11-23T17:15:01.059677+00:00 udesk CRON[28701]: pam_unix(cron:session): session opened for user root(uid=0) by root(uid=0)
2025-11-23T17:15:01.065039+00:00 udesk CRON[28701]: pam_unix(cron:session): session closed for user root
2025-11-23T17:17:01.073728+00:00 udesk CRON[28705]: pam_unix(cron:session): session opened for user root(uid=0) by root(uid=0)
2025-11-23T17:17:01.078675+00:00 udesk CRON[28705]: pam_unix(cron:session): session closed for user root
2025-11-23T17:25:01.087259+00:00 udesk CRON[28718]: pam_unix(cron:session): session opened for user root(uid=0) by root(uid=0)
2025-11-23T17:25:01.090836+00:00 udesk CRON[28718]: pam_unix(cron:session): session closed for user root
2025-11-23T17:30:01.099968+00:00 udesk CRON[28724]: pam_unix(cron:session): session opened for user root(uid=0) by root(uid=0)
2025-11-23T17:30:01.102969+00:00 udesk CRON[28724]: pam_unix(cron:session): session closed for user root
2025-11-23T17:35:01.112313+00:00 udesk CRON[28742]: pam_unix(cron:session): session opened for user root(uid=0) by root(uid=0)
2025-11-23T17:35:01.117159+00:00 udesk CRON[28742]: pam_unix(cron:session): session closed for user root
2025-11-23T17:45:01.127923+00:00 udesk CRON[28754]: pam_unix(cron:session): session opened for user root(uid=0) by root(uid=0)
2025-11-23T17:45:01.132180+00:00 udesk CRON[28754]: pam_unix(cron:session): session closed for user root
2025-11-23T17:55:01.148209+00:00 udesk CRON[28766]: pam_unix(cron:session): session opened for user root(uid=0) by root(uid=0)
2025-11-23T17:55:01.155086+00:00 udesk CRON[28766]: pam_unix(cron:session): session closed for user root
2025-11-23T18:05:01.172492+00:00 udesk CRON[28847]: pam_unix(cron:session): session opened for user root(uid=0) by root(uid=0)
2025-11-23T18:05:01.178770+00:00 udesk CRON[28847]: pam_unix(cron:session): session closed for user root
2025-11-23T18:15:01.196435+00:00 udesk CRON[28859]: pam_unix(cron:session): session opened for user root(uid=0) by root(uid=0)
2025-11-23T18:15:01.202197+00:00 udesk CRON[28859]: pam_unix(cron:session): session closed for user root
2025-11-23T18:17:01.212560+00:00 udesk CRON[28862]: pam_unix(cron:session): session opened for user root(uid=0) by root(uid=0)
2025-11-23T18:17:01.219928+00:00 udesk CRON[28862]: pam_unix(cron:session): session closed for user root
2025-11-23T18:25:01.230582+00:00 udesk CRON[28874]: pam_unix(cron:session): session opened for user root(uid=0) by root(uid=0)
2025-11-23T18:25:01.268749+00:00 udesk CRON[28874]: pam_unix(cron:session): session closed for user root
2025-11-23T18:30:01.246957+00:00 udesk CRON[28885]: pam_unix(cron:session): session opened for user root(uid=0) by root(uid=0)
2025-11-23T18:30:01.270836+00:00 udesk CRON[28885]: pam_unix(cron:session): session closed for user root
2025-11-23T18:35:01.259885+00:00 udesk CRON[28897]: pam_unix(cron:session): session opened for user root(uid=0) by root(uid=0)
2025-11-23T18:35:01.335080+00:00 udesk CRON[28897]: pam_unix(cron:session): session closed for user root
2025-11-23T18:45:01.282451+00:00 udesk CRON[28910]: pam_unix(cron:session): session opened for user root(uid=0) by root(uid=0)
2025-11-23T18:45:01.288440+00:00 udesk CRON[28910]: pam_unix(cron:session): session closed for user root
2025-11-23T18:55:01.304092+00:00 udesk CRON[28942]: pam_unix(cron:session): session opened for user root(uid=0) by root(uid=0)
2025-11-23T18:55:01.309765+00:00 udesk CRON[28942]: pam_unix(cron:session): session closed for user root
2025-11-23T19:05:01.325049+00:00 udesk CRON[28954]: pam_unix(cron:session): session opened for user root(uid=0) by root(uid=0)
2025-11-23T19:05:01.331751+00:00 udesk CRON[28954]: pam_unix(cron:session): session closed for user root
2025-11-23T19:13:01.341476+00:00 udesk sshd-session[28966]: Accepted password for ethan from 172.16.0.1 port 50513 ssh2
2025-11-23T19:13:01.348179+00:00 udesk sshd-session[28966]: pam_unix(sshd:session): session opened for user ethan(uid=1000) by ethan(uid=0)
2025-11-23T19:13:01.365154+00:00 udesk systemd-logind[1134]: New session 318 of user ethan.
2025-11-23T19:15:01.349863+00:00 udesk CRON[29646]: pam_unix(cron:session): session opened for user root(uid=0) by root(uid=0)
2025-11-23T19:15:01.357999+00:00 udesk CRON[29646]: pam_unix(cron:session): session closed for user root
2025-11-23T19:17:01.369419+00:00 udesk CRON[29651]: pam_unix(cron:session): session opened for user root(uid=0) by root(uid=0)
2025-11-23T19:17:01.417286+00:00 udesk CRON[29651]: pam_unix(cron:session): session closed for user root
2025-11-23T19:25:01.392346+00:00 udesk CRON[29676]: pam_unix(cron:session): session opened for user root(uid=0) by root(uid=0)
2025-11-23T19:25:01.398129+00:00 udesk CRON[29676]: pam_unix(cron:session): session closed for user root
2025-11-23T19:30:01.410029+00:00 udesk CRON[29695]: pam_unix(cron:session): session opened for user root(uid=0) by root(uid=0)
2025-11-23T19:30:01.417880+00:00 udesk CRON[29695]: pam_unix(cron:session): session closed for user root
2025-11-23T19:35:01.433312+00:00 udesk CRON[31403]: pam_unix(cron:session): session opened for user root(uid=0) by root(uid=0)
2025-11-23T19:35:01.437439+00:00 udesk CRON[31403]: pam_unix(cron:session): session closed for user root
