2025-11-23T00:35:01.870445+00:00 udesk CRON[9593]: pam_unix(cron:session): session opened for user root(uid=0) by root(uid=0)
2025-11-23T00:35:01.875819+00:00 udesk CRON[9593]: pam_unix(cron:session): session closed for user root
2025-11-23T00:45:01.888454+00:00 udesk CRON[9613]: pam_unix(cron:session): session opened for user root(uid=0) by root(uid=0)
2025-11-23T00:45:01.897257+00:00 udesk CRON[9613]: pam_unix(cron:session): session closed for user root
2025-11-23T00:55:01.908405+00:00 udesk CRON[9630]: pam_unix(cron:session): session opened for user root(uid=0) by root(uid=0)
2025-11-23T00:55:01.914428+00:00 udesk CRON[9630]: pam_unix(cron:session): session closed for user root
2025-11-23T01:05:01.924259+00:00 udesk CRON[10763]: pam_unix(cron:session): session opened for user root(uid=0) by root(uid=0)
2025-11-23T01:05:01.929603+00:00 udesk CRON[10763]: pam_unix(cron:session): session closed for user root
2025-11-23T01:15:01.944304+00:00 udesk CRON[12504]: pam_unix(cron:session): session opened for user root(uid=0) by root(uid=0)
2025-11-23T01:15:01.950050+00:00 udesk CRON[12504]: pam_unix(cron:session): session closed for user root
2025-11-23T01:17:01.959256+00:00 udesk CRON[12510]: pam_unix(cron:session): session opened for user root(uid=0) by root(uid=0)
2025-11-23T01:17:01.964316+00:00 udesk CRON[12510]: pam_unix(cron:session): session closed for user root
2025-11-23T01:25:01.977189+00:00 udesk CRON[12535]: pam_unix(cron:session): session opened for user root(uid=0) by root(uid=0)
2025-11-23T01:25:01.983739+00:00 udesk CRON[12535]: pam_unix(cron:session): session closed for user root
2025-11-23T01:35:01.992901+00:00 udesk CRON[12557]: pam_unix(cron:session): session opened for user root(uid=0) by root(uid=0)
2025-11-23T01:35:01.996249+00:00 udesk CRON[12557]: pam_unix(cron:session): session closed for user root
2025-11-23T01:45:02.009994+00:00 udesk CRON[12573]: pam_unix(cron:session): session opened for user root(uid=0) by root(uid=0)
2025-11-23T01:45:02.014131+00:00 udesk CRON[12573]: pam_unix(cron:session): session closed for user root
2025-11-23T01:55:01.022939+00:00 udesk CRON[12590]: pam_unix(cron:session): session opened for user root(uid=0) by root(uid=0)
2025-11-23T01:55:01.027630+00:00 udesk CRON[12590]: pam_unix(cron:session): session closed for user root
2025-11-23T02:05:01.036534+00:00 udesk CRON[12685]: pam_unix(cron:session): session opened for user root(uid=0) by root(uid=0)
2025-11-23T02:05:01.073387+00:00 udesk CRON[12685]: pam_unix(cron:session): session closed for user root
2025-11-23T02:15:01.050828+00:00 udesk CRON[12709]: pam_unix(cron:session): session opened for user root(uid=0) by root(uid=0)
2025-11-23T02:15:01.054925+00:00 udesk CRON[12709]: pam_unix(cron:session): session closed for user root
2025-11-23T02:17:01.062989+00:00 udesk CRON[12716]: pam_unix(cron:session): session opened for user root(uid=0) by root(uid=0)
2025-11-23T02:17:01.066550+00:00 udesk CRON[12716]: pam_unix(cron:session): session closed for user root
2025-11-23T02:25:01.075347+00:00 udesk CRON[12978]: pam_unix(cron:session): session opened for user root(uid=0) by root(uid=0)
2025-11-23T02:25:01.079738+00:00 udesk CRON[12978]: pam_unix(cron:session): session closed for user root
2025-11-23T02:35:01.088401+00:00 udesk CRON[13783]: pam_unix(cron:session): session opened for user root(uid=0) by root(uid=0)
2025-11-23T02:35:01.091698+00:00 udesk CRON[13783]: pam_unix(cron:session): session closed for user root
2025-11-23T02:45:01.106225+00:00 udesk CRON[16209]: pam_unix(cron:session): session opened for user root(uid=0) by root(uid=0)
2025-11-23T02:45:01.110618+00:00 udesk CRON[16209]: pam_unix(cron:session): session closed for user root
2025-11-23T02:55:01.121477+00:00 udesk CRON[18110]: pam_unix(cron:session): session opened for user root(uid=0) by root(uid=0)
2025-11-23T02:55:01.128161+00:00 udesk CRON[18110]: pam_unix(cron:session): session closed for user root
2025-11-23T02:59:46.957908+00:00 udesk gdm-password]: gkr-pam: unable to locate daemon control file
2025-11-23T02:59:46.958533+00:00 udesk gdm-password]: gkr-pam: stashed password to try later in open session
2025-11-23T02:59:47.007403+00:00 udesk gdm-password]: pam_unix(gdm-password:session): session opened for user ethan(uid=1000) by ethan(uid=0)
2025-11-23T02:59:47.019470+00:00 udesk systemd-logind[1134]: New session 188 of user ethan.
2025-11-23T02:59:47.249033+00:00 udesk gdm-password]: gkr-pam: unlocked login keyring
2025-11-23T02:59:47.452341+00:00 udesk gnome-keyring-daemon[18583]: The PKCS#11 component was already initialized
2025-11-23T02:59:47.453618+00:00 udesk gnome-keyring-daemon[18678]: discover_other_daemon: 1
2025-11-23T02:59:47.454468+00:00 udesk gnome-keyring-daemon[18681]: discover_other_daemon: 1
2025-11-23T02:59:47.454625+00:00 udesk gnome-keyring-daemon[18583]: The Secret Service was already initialized
2025-11-23T02:59:47.454746+00:00 udesk gnome-keyring-daemon[18682]: discover_other_daemon: 1
2025-11-23T02:59:49.433389+00:00 udesk polkitd[1102]: Registered Authentication Agent for unix-session:188 (system bus name :1.179 [/usr/bin/gnome-shell], object path /org/freedesktop/PolicyKit1/AuthenticationAgent, locale en_US.UTF-8)
2025-11-23T02:59:50.403257+00:00 udesk gdm-launch-environment]: pam_unix(gdm-launch-environment:session): session closed for user gdm
2025-11-23T02:59:50.417468+00:00 udesk systemd-logind[1134]: Session c1 logged out. Waiting for processes to exit.
2025-11-23T02:59:50.441857+00:00 udesk polkitd[1102]: Unregistered Authentication Agent for unix-session:c1 (system bus name :1.39, object path /org/freedesktop/PolicyKit1/AuthenticationAgent, locale en_US.UTF-8) (disconnected from bus)
2025-11-23T02:59:50.451887+00:00 udesk systemd-logind[1134]: Removed session c1.
2025-11-23T03:00:00.647554+00:00 udesk systemd-logind[1134]: Removed session 1.
2025-11-23T03:00:53.729998+00:00 udesk pkexec: pam_unix(polkit-1:session): session opened for user root(uid=0) by ethan(uid=1000)
2025-11-23T03:00:53.731509+00:00 udesk pkexec[19648]: ethan: Executing command [USER=root] [TTY=unknown] [CWD=/home/ethan] [COMMAND=/usr/lib/update-notifier/package-system-locked]
2025-11-23T03:05:01.145592+00:00 udesk CRON[19667]: pam_unix(cron:session): session opened for user root(uid=0) by root(uid=0)
2025-11-23T03:05:01.155252+00:00 udesk CRON[19667]: pam_unix(cron:session): session closed for user root
2025-11-23T03:10:01.172355+00:00 udesk CRON[19849]: pam_unix(cron:session): session opened for user root(uid=0) by root(uid=0)
2025-11-23T03:10:01.179213+00:00 udesk CRON[19849]: pam_unix(cron:session): session closed for user root
2025-11-23T03:15:01.197021+00:00 udesk CRON[20275]: pam_unix(cron:session): session opened for user root(uid=0) by root(uid=0)
2025-11-23T03:15:01.206388+00:00 udesk CRON[20275]: pam_unix(cron:session): session closed for user root
2025-11-23T03:17:01.224521+00:00 udesk CRON[20280]: pam_unix(cron:session): session opened for user root(uid=0) by root(uid=0)
2025-11-23T03:17:01.235305+00:00 udesk CRON[20280]: pam_unix(cron:session): session closed for user root
2025-11-23T03:25:01.256375+00:00 udesk CRON[21053]: pam_unix(cron:session): session opened for user root(uid=0) by root(uid=0)
2025-11-23T03:25:01.266033+00:00 udesk CRON[21053]: pam_unix(cron:session): session closed for user root
2025-11-23T03:30:01.285035+00:00 udesk CRON[21088]: pam_unix(cron:session): session opened for user root(uid=0) by root(uid=0)
2025-11-23T03:30:01.291561+00:00 udesk CRON[21088]: pam_unix(cron:session): session closed for user root
2025-11-23T03:35:01.309054+00:00 udesk CRON[21104]: pam_unix(cron:session): session opened for user root(uid=0) by root(uid=0)
2025-11-23T03:35:01.319729+00:00 udesk CRON[21104]: pam_unix(cron:session): session closed for user root
2025-11-23T03:45:01.338396+00:00 udesk CRON[21199]: pam_unix(cron:session): session opened for user root(uid=0) by root(uid=0)
2025-11-23T03:45:01.347483+00:00 udesk CRON[21199]: pam_unix(cron:session): session closed for user root
2025-11-23T03:55:01.365742+00:00 udesk CRON[23339]: pam_unix(cron:session): session opened for user root(uid=0) by root(uid=0)
2025-11-23T03:55:01.383719+00:00 udesk CRON[23339]: pam_unix(cron:session): session closed for user root
2025-11-23T04:05:01.402100+00:00 udesk CRON[24709]: pam_unix(cron:session): session opened for user root(uid=0) by root(uid=0)
2025-11-23T04:05:01.412478+00:00 udesk CRON[24709]: pam_unix(cron:session): session closed for user root
2025-11-23T04:15:01.430624+00:00 udesk CRON[25942]: pam_unix(cron:session): session opened for user root(uid=0) by root(uid=0)
2025-11-23T04:15:01.441325+00:00 udesk CRON[25942]: pam_unix(cron:session): session closed for user root
2025-11-23T04:17:01.457802+00:00 udesk CRON[25947]: pam_unix(cron:session): session opened for user root(uid=0) by root(uid=0)
2025-11-23T04:17:01.467709+00:00 udesk CRON[25947]: pam_unix(cron:session): session closed for user root
